resources/js/pages/auth/register.tsx(10,23): error TS2307: Cannot find module '@/routes/register' or its corresponding type declarations.
resources/js/pages/auth/verify-email.tsx(8,22): error TS2307: Cannot find module '@/routes/verification' or its corresponding type declarations.
